<?xml version="1.0" encoding="UTF-8"?>
<!DOCTYPE coverage SYSTEM "http://cobertura.sourceforge.net/xml/coverage-04.dtd">
<coverage line-rate="0.96875" branch-rate="0" lines-covered="31" lines-valid="32" branches-covered="0" branches-valid="0" complexity="0" version="" timestamp="1676907442147">
	<packages>
		<package name="github.com/dnitsch/simplelog" line-rate="0.96875" branch-rate="0" complexity="0" line-count="32" line-hits="31">
			<classes>
				<class name="-" filename="kubelogger.go" line-rate="1" branch-rate="0" complexity="0" line-count="8" line-hits="8">
					<methods>
						<method name="NewLogr" signature="" line-rate="1" branch-rate="0" complexity="0" line-count="0" line-hits="0">
							<lines>
								<line number="13" hits="1"></line>
								<line number="15" hits="1"></line>
								<line number="16" hits="1"></line>
								<line number="17" hits="1"></line>
								<line number="18" hits="1"></line>
								<line number="21" hits="1"></line>
								<line number="22" hits="1"></line>
								<line number="23" hits="1"></line>
							</lines>
						</method>
					</methods>
					<lines>
						<line number="13" hits="1"></line>
						<line number="15" hits="1"></line>
						<line number="16" hits="1"></line>
						<line number="17" hits="1"></line>
						<line number="18" hits="1"></line>
						<line number="21" hits="1"></line>
						<line number="22" hits="1"></line>
						<line number="23" hits="1"></line>
					</lines>
				</class>
				<class name="-" filename="log.go" line-rate="0.9375" branch-rate="0" complexity="0" line-count="16" line-hits="15">
					<methods>
						<method name="New" signature="" line-rate="1" branch-rate="0" complexity="0" line-count="0" line-hits="0">
							<lines>
								<line number="44" hits="1"></line>
								<line number="46" hits="1"></line>
								<line number="47" hits="1"></line>
								<line number="48" hits="1"></line>
								<line number="49" hits="1"></line>
								<line number="52" hits="1"></line>
								<line number="53" hits="1"></line>
								<line number="55" hits="1"></line>
							</lines>
						</method>
						<method name="ParseLevel" signature="" line-rate="1" branch-rate="0" complexity="0" line-count="0" line-hits="0">
							<lines>
								<line number="76" hits="1"></line>
								<line number="77" hits="1"></line>
								<line number="79" hits="1"></line>
							</lines>
						</method>
						<method name="lShortMarshall" signature="" line-rate="1" branch-rate="0" complexity="0" line-count="0" line-hits="0">
							<lines>
								<line number="107" hits="1"></line>
							</lines>
						</method>
						<method name="@107:9" signature="" line-rate="0.75" branch-rate="0" complexity="0" line-count="0" line-hits="0">
							<lines>
								<line number="108" hits="1"></line>
								<line number="109" hits="1"></line>
								<line number="110" hits="1"></line>
								<line number="112" hits="0"></line>
							</lines>
						</method>
					</methods>
					<lines>
						<line number="44" hits="1"></line>
						<line number="46" hits="1"></line>
						<line number="47" hits="1"></line>
						<line number="48" hits="1"></line>
						<line number="49" hits="1"></line>
						<line number="52" hits="1"></line>
						<line number="53" hits="1"></line>
						<line number="55" hits="1"></line>
						<line number="76" hits="1"></line>
						<line number="77" hits="1"></line>
						<line number="79" hits="1"></line>
						<line number="107" hits="1"></line>
						<line number="108" hits="1"></line>
						<line number="109" hits="1"></line>
						<line number="110" hits="1"></line>
						<line number="112" hits="0"></line>
					</lines>
				</class>
				<class name="Logger" filename="log.go" line-rate="1" branch-rate="0" complexity="0" line-count="8" line-hits="8">
					<methods>
						<method name="Writer" signature="" line-rate="1" branch-rate="0" complexity="0" line-count="0" line-hits="0">
							<lines>
								<line number="64" hits="1"></line>
							</lines>
						</method>
						<method name="Level" signature="" line-rate="1" branch-rate="0" complexity="0" line-count="0" line-hits="0">
							<lines>
								<line number="69" hits="1"></line>
							</lines>
						</method>
						<method name="Debugf" signature="" line-rate="1" branch-rate="0" complexity="0" line-count="0" line-hits="0">
							<lines>
								<line number="83" hits="1"></line>
							</lines>
						</method>
						<method name="Debug" signature="" line-rate="1" branch-rate="0" complexity="0" line-count="0" line-hits="0">
							<lines>
								<line number="87" hits="1"></line>
							</lines>
						</method>
						<method name="Infof" signature="" line-rate="1" branch-rate="0" complexity="0" line-count="0" line-hits="0">
							<lines>
								<line number="91" hits="1"></line>
							</lines>
						</method>
						<method name="Info" signature="" line-rate="1" branch-rate="0" complexity="0" line-count="0" line-hits="0">
							<lines>
								<line number="95" hits="1"></line>
							</lines>
						</method>
						<method name="Errorf" signature="" line-rate="1" branch-rate="0" complexity="0" line-count="0" line-hits="0">
							<lines>
								<line number="99" hits="1"></line>
							</lines>
						</method>
						<method name="Error" signature="" line-rate="1" branch-rate="0" complexity="0" line-count="0" line-hits="0">
							<lines>
								<line number="103" hits="1"></line>
							</lines>
						</method>
					</methods>
					<lines>
						<line number="64" hits="1"></line>
						<line number="69" hits="1"></line>
						<line number="83" hits="1"></line>
						<line number="87" hits="1"></line>
						<line number="91" hits="1"></line>
						<line number="95" hits="1"></line>
						<line number="99" hits="1"></line>
						<line number="103" hits="1"></line>
					</lines>
				</class>
			</classes>
		</package>
	</packages>
	<sources>
		<source>/Users/dusannitschneider/git/dnitsch/logger</source>
	</sources>
</coverage>
